<?xml version="1.0" encoding="UTF-8"?>
<!-- Generated by org.testng.reporters.JUnitReportReporter -->
<testsuite skipped="0" hostname="DESKTOP-MTH63GT" name="com.pro.TestNGxml" tests="3" failures="0" timestamp="14 Dec 2021 06:31:10 GMT" time="40.612" errors="0">
  <testcase name="launchbrowser" time="16.463" classname="com.pro.TestNGxml"/>
  <testcase name="launchbrowser" time="12.629" classname="com.pro.TestNGxml"/>
  <testcase name="launchbrowser" time="11.520" classname="com.pro.TestNGxml"/>
</testsuite> <!-- com.pro.TestNGxml -->
